<?xml version="1.0" encoding="UTF-8"?>
<testsuite name="jobshop.encodings.EncodingTests" tests="2" skipped="0" failures="0" errors="0" timestamp="2020-04-23T10:57:05" hostname="mlacote-Aspire-E5-571G" time="0.025">
  <properties/>
  <testcase name="testBasicSolver" classname="jobshop.encodings.EncodingTests" time="0.018"/>
  <testcase name="testJobNumbers" classname="jobshop.encodings.EncodingTests" time="0.007"/>
  <system-out><![CDATA[jobshop.Schedule@7c948860
]]></system-out>
  <system-err><![CDATA[]]></system-err>
</testsuite>
